# JRE version: OpenJDK Runtime Environment Temurin-17.0.19+10 (17.0.19+10) (build 17.0.19+10)
# Java VM: OpenJDK 64-Bit Server VM Temurin-17.0.19+10 (17.0.19+10, mixed mode, sharing, tiered, compressed oops, compressed class ptrs, g1 gc, windows-amd64)
GC Precious Log:
 CPUs: 12 total, 12 available
 Memory: 16087M
 Large Page Support: Disabled
 NUMA Support: Disabled
 Compressed Oops: Enabled (Zero based)
 Heap Region Size: 4M
 Heap Min Capacity: 8M
 Heap Initial Capacity: 252M
 Heap Max Capacity: 6G
 Pre-touch: Disabled
 Parallel Workers: 10
 Concurrent Workers: 3
 Concurrent Refinement Workers: 10
 Periodic GC: Disabled
Heap:
 garbage-first heap   total 958464K, used 601534K [0x0000000680000000, 0x0000000800000000)
  region size 4096K, 5 young (20480K), 5 survivors (20480K)
 Metaspace       used 115249K, committed 116544K, reserved 557056K
  class space    used 15527K, committed 16192K, reserved 425984K
GC Heap History (20 events):
Event: 87.708 GC heap after
{Heap after GC invocations=47 (full 0):
 garbage-first heap   total 512000K, used 301986K [0x0000000680000000, 0x0000000800000000)
  region size 4096K, 3 young (12288K), 3 survivors (12288K)
 Metaspace       used 112142K, committed 113472K, reserved 557056K
  class space    used 15227K, committed 15872K, reserved 425984K
}
Event: 88.914 GC heap before
{Heap before GC invocations=47 (full 0):
 garbage-first heap   total 512000K, used 424866K [0x0000000680000000, 0x0000000800000000)
  region size 4096K, 33 young (135168K), 3 survivors (12288K)
 Metaspace       used 112743K, committed 114112K, reserved 557056K
  class space    used 15307K, committed 15936K, reserved 425984K
}
Event: 88.921 GC heap after
{Heap after GC invocations=48 (full 0):
 garbage-first heap   total 512000K, used 306031K [0x0000000680000000, 0x0000000800000000)
  region size 4096K, 4 young (16384K), 4 survivors (16384K)
 Metaspace       used 112743K, committed 114112K, reserved 557056K
  class space    used 15307K, committed 15936K, reserved 425984K
}
Event: 97.070 GC heap before
{Heap before GC invocations=48 (full 0):
 garbage-first heap   total 512000K, used 420719K [0x0000000680000000, 0x0000000800000000)
  region size 4096K, 33 young (135168K), 4 survivors (16384K)
 Metaspace       used 114585K, committed 115968K, reserved 557056K
  class space    used 15475K, committed 16128K, reserved 425984K
}
Event: 97.085 GC heap after
{Heap after GC invocations=49 (full 0):
 garbage-first heap   total 512000K, used 319513K [0x0000000680000000, 0x0000000800000000)
  region size 4096K, 5 young (20480K), 5 survivors (20480K)
 Metaspace       used 114585K, committed 115968K, reserved 557056K
  class space    used 15475K, committed 16128K, reserved 425984K
}
Event: 99.546 GC heap before
{Heap before GC invocations=49 (full 0):
 garbage-first heap   total 512000K, used 417817K [0x0000000680000000, 0x0000000800000000)
  region size 4096K, 30 young (122880K), 5 survivors (20480K)
 Metaspace       used 114665K, committed 115968K, reserved 557056K
  class space    used 15480K, committed 16128K, reserved 425984K
}
Event: 99.566 GC heap after
{Heap after GC invocations=50 (full 0):
 garbage-first heap   total 512000K, used 361755K [0x0000000680000000, 0x0000000800000000)
  region size 4096K, 4 young (16384K), 4 survivors (16384K)
 Metaspace       used 114665K, committed 115968K, reserved 557056K
  class space    used 15480K, committed 16128K, reserved 425984K
}
Event: 99.791 GC heap before
{Heap before GC invocations=50 (full 0):
 garbage-first heap   total 512000K, used 415003K [0x0000000680000000, 0x0000000800000000)
  region size 4096K, 18 young (73728K), 4 survivors (16384K)
 Metaspace       used 114666K, committed 115968K, reserved 557056K
  class space    used 15480K, committed 16128K, reserved 425984K
}
Event: 99.813 GC heap after
{Heap after GC invocations=51 (full 0):
 garbage-first heap   total 512000K, used 401069K [0x0000000680000000, 0x0000000800000000)
  region size 4096K, 3 young (12288K), 3 survivors (12288K)
 Metaspace       used 114666K, committed 115968K, reserved 557056K
  class space    used 15480K, committed 16128K, reserved 425984K
}
Event: 100.053 GC heap before
{Heap before GC invocations=51 (full 0):
 garbage-first heap   total 512000K, used 454317K [0x0000000680000000, 0x0000000800000000)
  region size 4096K, 18 young (73728K), 3 survivors (12288K)
 Metaspace       used 114668K, committed 115968K, reserved 557056K
  class space    used 15480K, committed 16128K, reserved 425984K
}
Event: 100.074 GC heap after
{Heap after GC invocations=52 (full 0):
 garbage-first heap   total 516096K, used 442368K [0x0000000680000000, 0x0000000800000000)
  region size 4096K, 3 young (12288K), 3 survivors (12288K)
 Metaspace       used 114668K, committed 115968K, reserved 557056K
  class space    used 15480K, committed 16128K, reserved 425984K
}
Event: 100.328 GC heap before
{Heap before GC invocations=53 (full 0):
 garbage-first heap   total 765952K, used 499712K [0x0000000680000000, 0x0000000800000000)
  region size 4096K, 18 young (73728K), 3 survivors (12288K)
 Metaspace       used 114670K, committed 115968K, reserved 557056K
  class space    used 15480K, committed 16128K, reserved 425984K
}
Event: 100.345 GC heap after
{Heap after GC invocations=54 (full 0):
 garbage-first heap   total 765952K, used 483328K [0x0000000680000000, 0x0000000800000000)
  region size 4096K, 3 young (12288K), 3 survivors (12288K)
 Metaspace       used 114670K, committed 115968K, reserved 557056K
  class space    used 15480K, committed 16128K, reserved 425984K
}
Event: 100.661 GC heap before
{Heap before GC invocations=54 (full 0):
 garbage-first heap   total 765952K, used 581632K [0x0000000680000000, 0x0000000800000000)
  region size 4096K, 28 young (114688K), 3 survivors (12288K)
 Metaspace       used 114670K, committed 115968K, reserved 557056K
  class space    used 15480K, committed 16128K, reserved 425984K
}
Event: 100.709 GC heap after
{Heap after GC invocations=55 (full 0):
 garbage-first heap   total 765952K, used 546143K [0x0000000680000000, 0x0000000800000000)
  region size 4096K, 4 young (16384K), 4 survivors (16384K)
 Metaspace       used 114670K, committed 115968K, reserved 557056K
  class space    used 15480K, committed 16128K, reserved 425984K
}
Event: 103.141 GC heap before
{Heap before GC invocations=55 (full 0):
 garbage-first heap   total 765952K, used 640351K [0x0000000680000000, 0x0000000800000000)
  region size 4096K, 28 young (114688K), 4 survivors (16384K)
 Metaspace       used 115020K, committed 116416K, reserved 557056K
  class space    used 15515K, committed 16192K, reserved 425984K
}
Event: 103.157 GC heap after
{Heap after GC invocations=56 (full 0):
 garbage-first heap   total 765952K, used 559632K [0x0000000680000000, 0x0000000800000000)
  region size 4096K, 3 young (12288K), 3 survivors (12288K)
 Metaspace       used 115020K, committed 116416K, reserved 557056K
  class space    used 15515K, committed 16192K, reserved 425984K
}
Event: 105.281 GC heap before
{Heap before GC invocations=57 (full 0):
 garbage-first heap   total 958464K, used 686608K [0x0000000680000000, 0x0000000800000000)
  region size 4096K, 35 young (143360K), 3 survivors (12288K)
 Metaspace       used 115210K, committed 116544K, reserved 557056K
  class space    used 15527K, committed 16192K, reserved 425984K
}
Event: 105.318 GC heap after
{Heap after GC invocations=58 (full 0):
 garbage-first heap   total 958464K, used 584934K [0x0000000680000000, 0x0000000800000000)
  region size 4096K, 5 young (20480K), 5 survivors (20480K)
 Metaspace       used 115210K, committed 116544K, reserved 557056K
  class space    used 15527K, committed 16192K, reserved 425984K
}
Event: 106.241 GC heap before
{Heap before GC invocations=58 (full 0):
 garbage-first heap   total 958464K, used 707814K [0x0000000680000000, 0x0000000800000000)
  region size 4096K, 35 young (143360K), 5 survivors (20480K)
 Metaspace       used 115249K, committed 116544K, reserved 557056K
  class space    used 15527K, committed 16192K, reserved 425984K
}

